<?xml version="1.0" encoding="UTF-8"?>
<testng-results ignored="0" total="2" passed="2" failed="0" skipped="0">
  <reporter-output>
  </reporter-output>
  <suite started-at="2019-08-02T01:04:49Z" name="Default suite" finished-at="2019-08-02T01:05:08Z" duration-ms="18813">
    <groups>
    </groups>
    <test started-at="2019-08-02T01:04:49Z" name="Default test" finished-at="2019-08-02T01:05:08Z" duration-ms="18813">
      <class name="com.qa.hubspot.tests.LoginPageTest">
        <test-method is-config="true" signature="setUp()[pri:0, instance:com.qa.hubspot.tests.LoginPageTest@568bf312]" started-at="2019-08-02T01:04:49Z" name="setUp" finished-at="2019-08-02T01:04:57Z" duration-ms="7513" status="PASS">
          <reporter-output>
          </reporter-output>
        </test-method> <!-- setUp -->
        <test-method signature="verificaTituloPaginaLogin()[pri:1, instance:com.qa.hubspot.tests.LoginPageTest@568bf312]" started-at="2019-08-02T01:04:57Z" name="verificaTituloPaginaLogin" finished-at="2019-08-02T01:05:01Z" duration-ms="4106" status="PASS">
          <reporter-output>
          </reporter-output>
        </test-method> <!-- verificaTituloPaginaLogin -->
        <test-method is-config="true" signature="setUp()[pri:0, instance:com.qa.hubspot.tests.LoginPageTest@568bf312]" started-at="2019-08-02T01:05:01Z" name="setUp" finished-at="2019-08-02T01:05:08Z" duration-ms="6962" status="PASS">
          <reporter-output>
          </reporter-output>
        </test-method> <!-- setUp -->
        <test-method signature="loginTest()[pri:2, instance:com.qa.hubspot.tests.LoginPageTest@568bf312]" started-at="2019-08-02T01:05:08Z" name="loginTest" finished-at="2019-08-02T01:05:08Z" duration-ms="216" status="PASS">
          <reporter-output>
          </reporter-output>
        </test-method> <!-- loginTest -->
      </class> <!-- com.qa.hubspot.tests.LoginPageTest -->
    </test> <!-- Default test -->
  </suite> <!-- Default suite -->
</testng-results>
